2022-12-20 21:12:538 INFO  HomePage :50 - Click on Desktop[[ChromeDriver: chrome on WINDOWS (71b171212d5594608ec426a3f0e68e1b)] -> link text: Desktops]
2022-12-20 21:12:929 INFO  DeskTopPage :30 - Select by nameName: A to Z to name field [[ChromeDriver: chrome on WINDOWS (71b171212d5594608ec426a3f0e68e1b)] -> name: products-orderby]
2022-12-20 21:12:46 INFO  DeskTopPage :36 - Click on Element[[ChromeDriver: chrome on WINDOWS (71b171212d5594608ec426a3f0e68e1b)] -> xpath: //body/div[6]/div[3]/div[1]/div[3]/div[1]/div[2]/div[2]/div[2]/div[1]/div[1]/div[1]/div[1]/div[2]/div[3]/div[2]/button[1]]
2022-12-20 21:12:65 INFO  BuildYourOwnComputerPage :54 - Verify Text Build your own computer [[ChromeDriver: chrome on WINDOWS (71b171212d5594608ec426a3f0e68e1b)] -> xpath: //h1[contains(text(),'Build your own computer')]]
2022-12-20 21:12:102 INFO  BuildYourOwnComputerPage :59 - select processor 1 to select processor field [[ChromeDriver: chrome on WINDOWS (71b171212d5594608ec426a3f0e68e1b)] -> name: product_attribute_1]
2022-12-20 21:12:226 INFO  BuildYourOwnComputerPage :64 - Select Ram5 select ram field [[ChromeDriver: chrome on WINDOWS (71b171212d5594608ec426a3f0e68e1b)] -> name: product_attribute_2]
2022-12-20 21:12:348 INFO  BuildYourOwnComputerPage :69 - Select HDD Radio Button[[ChromeDriver: chrome on WINDOWS (71b171212d5594608ec426a3f0e68e1b)] -> xpath: //input[@id='product_attribute_3_7']]
2022-12-20 21:12:423 INFO  BuildYourOwnComputerPage :74 - Select OS Vista Primium[[ChromeDriver: chrome on WINDOWS (71b171212d5594608ec426a3f0e68e1b)] -> xpath: //input[@id='product_attribute_4_9']]
2022-12-20 21:12:497 INFO  BuildYourOwnComputerPage :79 - Select Software [[ChromeDriver: chrome on WINDOWS (71b171212d5594608ec426a3f0e68e1b)] -> xpath: //input[@id='product_attribute_5_12']]
2022-12-20 21:12:206 INFO  BuildYourOwnComputerPage :84 - Verify Price[[ChromeDriver: chrome on WINDOWS (71b171212d5594608ec426a3f0e68e1b)] -> xpath: //span[text() = '$1,475.00']]
2022-12-20 21:12:243 INFO  BuildYourOwnComputerPage :89 - Click on Addcart Button[[ChromeDriver: chrome on WINDOWS (71b171212d5594608ec426a3f0e68e1b)] -> xpath: //button[@id='add-to-cart-button-1']]
2022-12-20 21:12:551 INFO  BuildYourOwnComputerPage :94 - Verify message on greenbar[[ChromeDriver: chrome on WINDOWS (71b171212d5594608ec426a3f0e68e1b)] -> xpath: //body[1]/div[5]/div[1]/p[1]]
2022-12-20 21:12:587 INFO  BuildYourOwnComputerPage :99 - Click on closebar[[ChromeDriver: chrome on WINDOWS (71b171212d5594608ec426a3f0e68e1b)] -> xpath: //body[1]/div[5]/div[1]/span[1]]
2022-12-20 21:12:647 INFO  BuildYourOwnComputerPage :104 - Mouse hoover on shopping cart[[ChromeDriver: chrome on WINDOWS (71b171212d5594608ec426a3f0e68e1b)] -> xpath: //span[contains(text(),'Shopping cart')]]
2022-12-20 21:12:801 INFO  BuildYourOwnComputerPage :109 - Click on shopping cart[[ChromeDriver: chrome on WINDOWS (71b171212d5594608ec426a3f0e68e1b)] -> xpath: //button[contains(text(),'Go to cart')]]
2022-12-20 21:12:251 INFO  ShoppingCartPage :47 - Verify shopping cart text: [[ChromeDriver: chrome on WINDOWS (71b171212d5594608ec426a3f0e68e1b)] -> xpath: //div[@class='page-title']/h1[contains(text(),'Shopping cart')]]
2022-12-20 21:12:271 INFO  ShoppingCartPage :52 - Update quantity 
2022-12-20 21:12:404 INFO  ShoppingCartPage :60 - Update shopping cart: [[ChromeDriver: chrome on WINDOWS (71b171212d5594608ec426a3f0e68e1b)] -> xpath: //button[@id='updatecart']]
2022-12-20 21:12:963 INFO  ShoppingCartPage :65 - Verify the total price: [[ChromeDriver: chrome on WINDOWS (71b171212d5594608ec426a3f0e68e1b)] -> xpath: //span[@class='product-subtotal'][text()='$2,950.00']]
2022-12-20 21:12:00 INFO  ShoppingCartPage :70 - Click on the checkbox to accept terms:[[ChromeDriver: chrome on WINDOWS (71b171212d5594608ec426a3f0e68e1b)] -> id: termsofservice]
2022-12-20 21:12:64 INFO  ShoppingCartPage :75 - Click on checkout button [[ChromeDriver: chrome on WINDOWS (71b171212d5594608ec426a3f0e68e1b)] -> xpath: //button[@id='checkout']]
2022-12-20 21:12:713 INFO  CheckOutAsGuest :28 - Verify welcome text[[ChromeDriver: chrome on WINDOWS (71b171212d5594608ec426a3f0e68e1b)] -> xpath: //h1[text()='Welcome, Please Sign In!']]
2022-12-20 21:12:745 INFO  CheckOutAsGuest :33 - Click on As guest button [[ChromeDriver: chrome on WINDOWS (71b171212d5594608ec426a3f0e68e1b)] -> xpath: //button[text()= 'Checkout as Guest']]
2022-12-20 21:12:661 INFO  BillingCheckOutPage :48 - Enter First name John to firstname field [[ChromeDriver: chrome on WINDOWS (71b171212d5594608ec426a3f0e68e1b)] -> id: BillingNewAddress_FirstName]
2022-12-20 21:12:762 INFO  BillingCheckOutPage :53 - Enter Lastname Smith to lastname field [[ChromeDriver: chrome on WINDOWS (71b171212d5594608ec426a3f0e68e1b)] -> id: BillingNewAddress_LastName]
2022-12-20 21:12:863 INFO  BillingCheckOutPage :58 - Enter Email smith@example.com to Email field [[ChromeDriver: chrome on WINDOWS (71b171212d5594608ec426a3f0e68e1b)] -> id: BillingNewAddress_Email]
2022-12-20 21:12:970 INFO  BillingCheckOutPage :63 - Enter Country 233 to country field [[ChromeDriver: chrome on WINDOWS (71b171212d5594608ec426a3f0e68e1b)] -> id: BillingNewAddress_CountryId]
2022-12-20 21:12:85 INFO  BillingCheckOutPage :74 - Enter city London to city field [[ChromeDriver: chrome on WINDOWS (71b171212d5594608ec426a3f0e68e1b)] -> id: BillingNewAddress_City]
2022-12-20 21:12:178 INFO  BillingCheckOutPage :79 - Enter Address 45,Oxford Street to Address field [[ChromeDriver: chrome on WINDOWS (71b171212d5594608ec426a3f0e68e1b)] -> id: BillingNewAddress_Address1]
2022-12-20 21:12:279 INFO  BillingCheckOutPage :84 - Enter Zipcode W4 2XZ to Zipcode field [[ChromeDriver: chrome on WINDOWS (71b171212d5594608ec426a3f0e68e1b)] -> id: BillingNewAddress_ZipPostalCode]
2022-12-20 21:12:373 INFO  BillingCheckOutPage :89 - Enter PhoneNumber 025556556 to Phonenumber field [[ChromeDriver: chrome on WINDOWS (71b171212d5594608ec426a3f0e68e1b)] -> id: BillingNewAddress_PhoneNumber]
2022-12-20 21:12:470 INFO  BillingCheckOutPage :94 - Click on checkout Button [[ChromeDriver: chrome on WINDOWS (71b171212d5594608ec426a3f0e68e1b)] -> xpath: //div[1]/button[4]]
2022-12-20 21:12:845 INFO  ShippingMethodCheckoutPage :30 - Click on radio button for next day air shipping: [[ChromeDriver: chrome on WINDOWS (71b171212d5594608ec426a3f0e68e1b)] -> id: shippingoption_1]
2022-12-20 21:12:920 INFO  ShippingMethodCheckoutPage :35 - Click on continue button [[ChromeDriver: chrome on WINDOWS (71b171212d5594608ec426a3f0e68e1b)] -> xpath: //body/div[6]/div[3]/div[1]/div[1]/div[1]/div[2]/ol[1]/li[3]/div[2]/form[1]/div[2]/button[1]]
2022-12-20 21:12:234 INFO  PaymentMethodCheckOut :24 - Click on credit card [[ChromeDriver: chrome on WINDOWS (71b171212d5594608ec426a3f0e68e1b)] -> css selector: #paymentmethod_1]
2022-12-20 21:12:297 INFO  PaymentMethodCheckOut :29 - Click on continue button [[ChromeDriver: chrome on WINDOWS (71b171212d5594608ec426a3f0e68e1b)] -> xpath: //ol[1]/li[4]/div[2]/div[1]/button[1]]
2022-12-20 21:12:619 INFO  PaymentCheckOut :40 - Select card from drop down [[ChromeDriver: chrome on WINDOWS (71b171212d5594608ec426a3f0e68e1b)] -> id: CreditCardType]
2022-12-20 21:12:727 INFO  PaymentCheckOut :45 - Enter the cardholder name in name field [[ChromeDriver: chrome on WINDOWS (71b171212d5594608ec426a3f0e68e1b)] -> id: CardholderName]
2022-12-20 21:12:811 INFO  PaymentCheckOut :50 - Enter the card number in number field [[ChromeDriver: chrome on WINDOWS (71b171212d5594608ec426a3f0e68e1b)] -> id: CardNumber]
2022-12-20 21:12:907 INFO  PaymentCheckOut :55 - Select the expiry month from list [[ChromeDriver: chrome on WINDOWS (71b171212d5594608ec426a3f0e68e1b)] -> id: ExpireMonth]
2022-12-20 21:12:14 INFO  PaymentCheckOut :60 - Select the expiry year from list [[ChromeDriver: chrome on WINDOWS (71b171212d5594608ec426a3f0e68e1b)] -> id: ExpireYear]
2022-12-20 21:12:119 INFO  PaymentCheckOut :65 - Enter card code [[ChromeDriver: chrome on WINDOWS (71b171212d5594608ec426a3f0e68e1b)] -> id: CardCode]
2022-12-20 21:12:193 INFO  PaymentCheckOut :70 - Click on continue button [[ChromeDriver: chrome on WINDOWS (71b171212d5594608ec426a3f0e68e1b)] -> xpath: //button[@class='button-1 payment-info-next-step-button']]
2022-12-20 21:12:527 INFO  ConfirmOrderPage :37 - Verify creditcard payment method[[ChromeDriver: chrome on WINDOWS (71b171212d5594608ec426a3f0e68e1b)] -> xpath: //span[contains(text(),'Credit Card')]]
2022-12-20 21:12:564 INFO  ConfirmOrderPage :42 - Verify shipping method[[ChromeDriver: chrome on WINDOWS (71b171212d5594608ec426a3f0e68e1b)] -> xpath: //div[1]/div[2]/div[2]/ul[1]/li[1]/span[2]]
2022-12-20 21:12:597 INFO  ConfirmOrderPage :47 - verify total price[[ChromeDriver: chrome on WINDOWS (71b171212d5594608ec426a3f0e68e1b)] -> xpath: //tbody/tr[4]/td[2]/span[1]/strong[1]]
2022-12-20 21:12:631 INFO  ConfirmOrderPage :52 - click on confirm[[ChromeDriver: chrome on WINDOWS (71b171212d5594608ec426a3f0e68e1b)] -> xpath: //button[contains(text(),'Confirm')]]
2022-12-20 21:12:423 INFO  CompletedCheckoutPage :27 - Verify Thank you Text [[ChromeDriver: chrome on WINDOWS (71b171212d5594608ec426a3f0e68e1b)] -> xpath: //h1[contains(text(),'Thank you')]]
2022-12-20 21:12:454 INFO  CompletedCheckoutPage :32 - Verify sucessorder text[[ChromeDriver: chrome on WINDOWS (71b171212d5594608ec426a3f0e68e1b)] -> xpath: //strong[contains(text(),'Your order has been successfully processed!')]]
2022-12-20 21:12:490 INFO  CompletedCheckoutPage :37 - Click on continue [[ChromeDriver: chrome on WINDOWS (71b171212d5594608ec426a3f0e68e1b)] -> xpath: //button[contains(text(),'Continue')]]
2022-12-20 21:12:879 INFO  HomePage :67 - Verify welcome Text[[ChromeDriver: chrome on WINDOWS (71b171212d5594608ec426a3f0e68e1b)] -> xpath: //h2[contains(text(),'Welcome to our store')]]
2022-12-20 21:12:228 INFO  HomePage :55 - Mouse hover on electronics[[ChromeDriver: chrome on WINDOWS (097fb759cc3515748f4b9c8c04060ec2)] -> xpath: //div/ul[@class='top-menu notmobile']/li[2]/a[@href='/electronics']]
2022-12-20 21:12:363 INFO  HomePage :61 - click on cellphone[[ChromeDriver: chrome on WINDOWS (097fb759cc3515748f4b9c8c04060ec2)] -> xpath: //body[1]/div[6]/div[2]/ul[1]/li[2]/ul[1]/li[2]/a[1]]
2022-12-20 21:12:431 INFO  CellPhonesPage :27 - Verify cellphone text[[ChromeDriver: chrome on WINDOWS (097fb759cc3515748f4b9c8c04060ec2)] -> xpath: //div[@class='page-title']/h1[text() = 'Cell phones']]
2022-12-20 21:12:465 INFO  CellPhonesPage :32 - click on list[[ChromeDriver: chrome on WINDOWS (097fb759cc3515748f4b9c8c04060ec2)] -> xpath: //div/a[text()='List']]
2022-12-20 21:12:540 INFO  CellPhonesPage :37 - click on nokia[[ChromeDriver: chrome on WINDOWS (097fb759cc3515748f4b9c8c04060ec2)] -> xpath: //h2/a[text()='Nokia Lumia 1020']]
2022-12-20 21:12:390 INFO  NokiaLumiaPage :49 - Verify Nokia Lumia Text: [[ChromeDriver: chrome on WINDOWS (097fb759cc3515748f4b9c8c04060ec2)] -> xpath: //h1[contains(text(),'Nokia Lumia 1020')]]
2022-12-20 21:12:421 INFO  NokiaLumiaPage :54 - Verify the price [[ChromeDriver: chrome on WINDOWS (097fb759cc3515748f4b9c8c04060ec2)] -> xpath: //span[@id='price-value-20']]
2022-12-20 21:12:449 INFO  NokiaLumiaPage :59 - Update the product quantity [[ChromeDriver: chrome on WINDOWS (097fb759cc3515748f4b9c8c04060ec2)] -> css selector: #product_enteredQuantity_20]
2022-12-20 21:12:555 INFO  NokiaLumiaPage :65 - Click on Nokia to cart [[ChromeDriver: chrome on WINDOWS (097fb759cc3515748f4b9c8c04060ec2)] -> css selector: #add-to-cart-button-20]
2022-12-20 21:12:868 INFO  NokiaLumiaPage :70 - Verify the text product to the cart [[ChromeDriver: chrome on WINDOWS (097fb759cc3515748f4b9c8c04060ec2)] -> xpath: //body/div[@id='bar-notification']/div[1]/p[1]]
2022-12-20 21:12:904 INFO  NokiaLumiaPage :75 - Click on cross button to cancel [[ChromeDriver: chrome on WINDOWS (097fb759cc3515748f4b9c8c04060ec2)] -> xpath: //body/div[@id='bar-notification']/div[1]/span[1]]
2022-12-20 21:12:959 INFO  NokiaLumiaPage :80 - Mouse Hover to shopping cart [[ChromeDriver: chrome on WINDOWS (097fb759cc3515748f4b9c8c04060ec2)] -> xpath: //span[contains(text(),'Shopping cart')]]
2022-12-20 21:12:110 INFO  NokiaLumiaPage :82 - Click on cart button [[ChromeDriver: chrome on WINDOWS (097fb759cc3515748f4b9c8c04060ec2)] -> xpath: //button[contains(text(),'Go to cart')]]
2022-12-20 21:12:489 INFO  NokiaLumiaPage :80 - Mouse Hover to shopping cart [[ChromeDriver: chrome on WINDOWS (097fb759cc3515748f4b9c8c04060ec2)] -> xpath: //span[contains(text(),'Shopping cart')]]
2022-12-20 21:12:629 INFO  NokiaLumiaPage :82 - Click on cart button [[ChromeDriver: chrome on WINDOWS (097fb759cc3515748f4b9c8c04060ec2)] -> xpath: //button[contains(text(),'Go to cart')]]
2022-12-20 21:12:10 INFO  ShoppingCartPage :47 - Verify shopping cart text: [[ChromeDriver: chrome on WINDOWS (097fb759cc3515748f4b9c8c04060ec2)] -> xpath: //div[@class='page-title']/h1[contains(text(),'Shopping cart')]]
2022-12-20 21:12:40 INFO  ShoppingCartPage :80 - Verify the product quantity[[ChromeDriver: chrome on WINDOWS (097fb759cc3515748f4b9c8c04060ec2)] -> xpath: //td[@class='quantity']/child::input]
2022-12-20 21:12:76 INFO  ShoppingCartPage :89 - Verify the total price: [[ChromeDriver: chrome on WINDOWS (097fb759cc3515748f4b9c8c04060ec2)] -> xpath: //tbody/tr[1]/td[6]/span[1]]
2022-12-20 21:12:107 INFO  ShoppingCartPage :70 - Click on the checkbox to accept terms:[[ChromeDriver: chrome on WINDOWS (097fb759cc3515748f4b9c8c04060ec2)] -> id: termsofservice]
2022-12-20 21:12:172 INFO  ShoppingCartPage :75 - Click on checkout button [[ChromeDriver: chrome on WINDOWS (097fb759cc3515748f4b9c8c04060ec2)] -> xpath: //button[@id='checkout']]
2022-12-20 21:12:805 INFO  CheckOutAsGuest :28 - Verify welcome text[[ChromeDriver: chrome on WINDOWS (097fb759cc3515748f4b9c8c04060ec2)] -> xpath: //h1[text()='Welcome, Please Sign In!']]
2022-12-20 21:12:839 INFO  CheckOutAsGuest :38 - click on register tab[[ChromeDriver: chrome on WINDOWS (097fb759cc3515748f4b9c8c04060ec2)] -> xpath: //button[contains(text(),'Register')]]
2022-12-20 21:12:300 INFO  RegisterPage :56 - Verify register text: [[ChromeDriver: chrome on WINDOWS (097fb759cc3515748f4b9c8c04060ec2)] -> xpath: //h1[contains(text(),'Register')]]
2022-12-20 21:12:339 INFO  RegisterPage :61 - Enter the first name to field [[ChromeDriver: chrome on WINDOWS (097fb759cc3515748f4b9c8c04060ec2)] -> id: FirstName]
2022-12-20 21:12:431 INFO  RegisterPage :66 - Enter the last name to field [[ChromeDriver: chrome on WINDOWS (097fb759cc3515748f4b9c8c04060ec2)] -> id: LastName]
2022-12-20 21:12:517 INFO  RegisterPage :71 - Enter the email to email field [[ChromeDriver: chrome on WINDOWS (097fb759cc3515748f4b9c8c04060ec2)] -> id: Email]
2022-12-20 21:12:605 INFO  RegisterPage :76 - Enter the password to password field [[ChromeDriver: chrome on WINDOWS (097fb759cc3515748f4b9c8c04060ec2)] -> id: Password]
2022-12-20 21:12:686 INFO  RegisterPage :81 - Enter the confirm password [[ChromeDriver: chrome on WINDOWS (097fb759cc3515748f4b9c8c04060ec2)] -> id: ConfirmPassword]
2022-12-20 21:12:762 INFO  RegisterPage :86 - Click in register button [[ChromeDriver: chrome on WINDOWS (097fb759cc3515748f4b9c8c04060ec2)] -> id: register-button]
2022-12-20 21:12:471 INFO  RegisterPage :91 - Verify the registration [[ChromeDriver: chrome on WINDOWS (097fb759cc3515748f4b9c8c04060ec2)] -> xpath: //div[contains(text(),'Your registration completed')]]
2022-12-20 21:12:506 INFO  RegisterPage :96 - Click on continue button [[ChromeDriver: chrome on WINDOWS (097fb759cc3515748f4b9c8c04060ec2)] -> xpath: //a[contains(text(),'Continue')]]
2022-12-20 21:12:935 INFO  HomePage :50 - Click on Desktop[[ChromeDriver: chrome on WINDOWS (d17a6664843b92246234f8f871b44316)] -> link text: Desktops]
2022-12-20 21:12:670 INFO  HomePage :55 - Mouse hover on electronics[[ChromeDriver: chrome on WINDOWS (78ddce4a5cb2c72472d3a7854772674a)] -> xpath: //div/ul[@class='top-menu notmobile']/li[2]/a[@href='/electronics']]
2022-12-20 21:12:825 INFO  HomePage :61 - click on cellphone[[ChromeDriver: chrome on WINDOWS (78ddce4a5cb2c72472d3a7854772674a)] -> xpath: //body[1]/div[6]/div[2]/ul[1]/li[2]/ul[1]/li[2]/a[1]]
2022-12-20 21:12:952 INFO  CellPhonesPage :27 - Verify cellphone text[[ChromeDriver: chrome on WINDOWS (78ddce4a5cb2c72472d3a7854772674a)] -> xpath: //div[@class='page-title']/h1[text() = 'Cell phones']]
2022-12-20 21:12:193 INFO  HomePage :50 - Click on Desktop[[ChromeDriver: chrome on WINDOWS (c1bc4e492d6148103fa70164bac399e0)] -> link text: Desktops]
2022-12-20 21:12:979 INFO  HomePage :50 - Click on Desktop[[ChromeDriver: chrome on WINDOWS (d8b9c312f1aaa9dcbcb859dd87823954)] -> link text: Desktops]
2022-12-20 21:12:370 INFO  DeskTopPage :30 - Select by nameName: A to Z to name field [[ChromeDriver: chrome on WINDOWS (d8b9c312f1aaa9dcbcb859dd87823954)] -> name: products-orderby]
2022-12-20 21:12:494 INFO  DeskTopPage :36 - Click on Element[[ChromeDriver: chrome on WINDOWS (d8b9c312f1aaa9dcbcb859dd87823954)] -> xpath: //body/div[6]/div[3]/div[1]/div[3]/div[1]/div[2]/div[2]/div[2]/div[1]/div[1]/div[1]/div[1]/div[2]/div[3]/div[2]/button[1]]
2022-12-20 21:12:585 INFO  BuildYourOwnComputerPage :54 - Verify Text Build your own computer [[ChromeDriver: chrome on WINDOWS (d8b9c312f1aaa9dcbcb859dd87823954)] -> xpath: //h1[contains(text(),'Build your own computer')]]
2022-12-20 21:12:627 INFO  BuildYourOwnComputerPage :59 - select processor 1 to select processor field [[ChromeDriver: chrome on WINDOWS (d8b9c312f1aaa9dcbcb859dd87823954)] -> name: product_attribute_1]
2022-12-20 21:12:733 INFO  BuildYourOwnComputerPage :64 - Select Ram5 select ram field [[ChromeDriver: chrome on WINDOWS (d8b9c312f1aaa9dcbcb859dd87823954)] -> name: product_attribute_2]
2022-12-20 21:12:837 INFO  BuildYourOwnComputerPage :69 - Select HDD Radio Button[[ChromeDriver: chrome on WINDOWS (d8b9c312f1aaa9dcbcb859dd87823954)] -> xpath: //input[@id='product_attribute_3_7']]
2022-12-20 21:12:900 INFO  BuildYourOwnComputerPage :74 - Select OS Vista Primium[[ChromeDriver: chrome on WINDOWS (d8b9c312f1aaa9dcbcb859dd87823954)] -> xpath: //input[@id='product_attribute_4_9']]
2022-12-20 21:12:967 INFO  BuildYourOwnComputerPage :79 - Select Software [[ChromeDriver: chrome on WINDOWS (d8b9c312f1aaa9dcbcb859dd87823954)] -> xpath: //input[@id='product_attribute_5_12']]
2022-12-20 21:12:732 INFO  BuildYourOwnComputerPage :84 - Verify Price[[ChromeDriver: chrome on WINDOWS (d8b9c312f1aaa9dcbcb859dd87823954)] -> xpath: //span[text() = '$1,475.00']]
2022-12-20 21:12:761 INFO  BuildYourOwnComputerPage :89 - Click on Addcart Button[[ChromeDriver: chrome on WINDOWS (d8b9c312f1aaa9dcbcb859dd87823954)] -> xpath: //button[@id='add-to-cart-button-1']]
2022-12-20 21:12:77 INFO  BuildYourOwnComputerPage :94 - Verify message on greenbar[[ChromeDriver: chrome on WINDOWS (d8b9c312f1aaa9dcbcb859dd87823954)] -> xpath: //body[1]/div[5]/div[1]/p[1]]
2022-12-20 21:12:112 INFO  BuildYourOwnComputerPage :99 - Click on closebar[[ChromeDriver: chrome on WINDOWS (d8b9c312f1aaa9dcbcb859dd87823954)] -> xpath: //body[1]/div[5]/div[1]/span[1]]
2022-12-20 21:12:169 INFO  BuildYourOwnComputerPage :104 - Mouse hoover on shopping cart[[ChromeDriver: chrome on WINDOWS (d8b9c312f1aaa9dcbcb859dd87823954)] -> xpath: //span[contains(text(),'Shopping cart')]]
2022-12-20 21:12:331 INFO  BuildYourOwnComputerPage :109 - Click on shopping cart[[ChromeDriver: chrome on WINDOWS (d8b9c312f1aaa9dcbcb859dd87823954)] -> xpath: //button[contains(text(),'Go to cart')]]
2022-12-20 21:12:665 INFO  ShoppingCartPage :47 - Verify shopping cart text: [[ChromeDriver: chrome on WINDOWS (d8b9c312f1aaa9dcbcb859dd87823954)] -> xpath: //div[@class='page-title']/h1[contains(text(),'Shopping cart')]]
2022-12-20 21:12:684 INFO  ShoppingCartPage :52 - Update quantity 
2022-12-20 21:12:841 INFO  ShoppingCartPage :60 - Update shopping cart: [[ChromeDriver: chrome on WINDOWS (d8b9c312f1aaa9dcbcb859dd87823954)] -> xpath: //button[@id='updatecart']]
2022-12-20 21:12:325 INFO  ShoppingCartPage :65 - Verify the total price: [[ChromeDriver: chrome on WINDOWS (d8b9c312f1aaa9dcbcb859dd87823954)] -> xpath: //span[@class='product-subtotal'][text()='$2,950.00']]
2022-12-20 21:12:370 INFO  ShoppingCartPage :70 - Click on the checkbox to accept terms:[[ChromeDriver: chrome on WINDOWS (d8b9c312f1aaa9dcbcb859dd87823954)] -> id: termsofservice]
2022-12-20 21:12:439 INFO  ShoppingCartPage :75 - Click on checkout button [[ChromeDriver: chrome on WINDOWS (d8b9c312f1aaa9dcbcb859dd87823954)] -> xpath: //button[@id='checkout']]
2022-12-20 21:12:36 INFO  CheckOutAsGuest :28 - Verify welcome text[[ChromeDriver: chrome on WINDOWS (d8b9c312f1aaa9dcbcb859dd87823954)] -> xpath: //h1[text()='Welcome, Please Sign In!']]
2022-12-20 21:12:70 INFO  CheckOutAsGuest :33 - Click on As guest button [[ChromeDriver: chrome on WINDOWS (d8b9c312f1aaa9dcbcb859dd87823954)] -> xpath: //button[text()= 'Checkout as Guest']]
2022-12-20 21:12:997 INFO  BillingCheckOutPage :48 - Enter First name John to firstname field [[ChromeDriver: chrome on WINDOWS (d8b9c312f1aaa9dcbcb859dd87823954)] -> id: BillingNewAddress_FirstName]
2022-12-20 21:12:85 INFO  BillingCheckOutPage :53 - Enter Lastname Smith to lastname field [[ChromeDriver: chrome on WINDOWS (d8b9c312f1aaa9dcbcb859dd87823954)] -> id: BillingNewAddress_LastName]
2022-12-20 21:12:177 INFO  BillingCheckOutPage :58 - Enter Email smith@example.com to Email field [[ChromeDriver: chrome on WINDOWS (d8b9c312f1aaa9dcbcb859dd87823954)] -> id: BillingNewAddress_Email]
2022-12-20 21:12:278 INFO  BillingCheckOutPage :63 - Enter Country 233 to country field [[ChromeDriver: chrome on WINDOWS (d8b9c312f1aaa9dcbcb859dd87823954)] -> id: BillingNewAddress_CountryId]
2022-12-20 21:12:391 INFO  BillingCheckOutPage :74 - Enter city London to city field [[ChromeDriver: chrome on WINDOWS (d8b9c312f1aaa9dcbcb859dd87823954)] -> id: BillingNewAddress_City]
2022-12-20 21:12:487 INFO  BillingCheckOutPage :79 - Enter Address 45,Oxford Street to Address field [[ChromeDriver: chrome on WINDOWS (d8b9c312f1aaa9dcbcb859dd87823954)] -> id: BillingNewAddress_Address1]
2022-12-20 21:12:587 INFO  BillingCheckOutPage :84 - Enter Zipcode W4 2XZ to Zipcode field [[ChromeDriver: chrome on WINDOWS (d8b9c312f1aaa9dcbcb859dd87823954)] -> id: BillingNewAddress_ZipPostalCode]
2022-12-20 21:12:683 INFO  BillingCheckOutPage :89 - Enter PhoneNumber 025556556 to Phonenumber field [[ChromeDriver: chrome on WINDOWS (d8b9c312f1aaa9dcbcb859dd87823954)] -> id: BillingNewAddress_PhoneNumber]
2022-12-20 21:12:773 INFO  BillingCheckOutPage :94 - Click on checkout Button [[ChromeDriver: chrome on WINDOWS (d8b9c312f1aaa9dcbcb859dd87823954)] -> xpath: //div[1]/button[4]]
2022-12-20 21:12:169 INFO  ShippingMethodCheckoutPage :30 - Click on radio button for next day air shipping: [[ChromeDriver: chrome on WINDOWS (d8b9c312f1aaa9dcbcb859dd87823954)] -> id: shippingoption_1]
2022-12-20 21:12:243 INFO  ShippingMethodCheckoutPage :35 - Click on continue button [[ChromeDriver: chrome on WINDOWS (d8b9c312f1aaa9dcbcb859dd87823954)] -> xpath: //body/div[6]/div[3]/div[1]/div[1]/div[1]/div[2]/ol[1]/li[3]/div[2]/form[1]/div[2]/button[1]]
2022-12-20 21:12:550 INFO  PaymentMethodCheckOut :24 - Click on credit card [[ChromeDriver: chrome on WINDOWS (d8b9c312f1aaa9dcbcb859dd87823954)] -> css selector: #paymentmethod_1]
2022-12-20 21:12:619 INFO  PaymentMethodCheckOut :29 - Click on continue button [[ChromeDriver: chrome on WINDOWS (d8b9c312f1aaa9dcbcb859dd87823954)] -> xpath: //ol[1]/li[4]/div[2]/div[1]/button[1]]
2022-12-20 21:12:923 INFO  PaymentCheckOut :40 - Select card from drop down [[ChromeDriver: chrome on WINDOWS (d8b9c312f1aaa9dcbcb859dd87823954)] -> id: CreditCardType]
2022-12-20 21:12:26 INFO  PaymentCheckOut :45 - Enter the cardholder name in name field [[ChromeDriver: chrome on WINDOWS (d8b9c312f1aaa9dcbcb859dd87823954)] -> id: CardholderName]
2022-12-20 21:12:114 INFO  PaymentCheckOut :50 - Enter the card number in number field [[ChromeDriver: chrome on WINDOWS (d8b9c312f1aaa9dcbcb859dd87823954)] -> id: CardNumber]
2022-12-20 21:12:202 INFO  PaymentCheckOut :55 - Select the expiry month from list [[ChromeDriver: chrome on WINDOWS (d8b9c312f1aaa9dcbcb859dd87823954)] -> id: ExpireMonth]
2022-12-20 21:12:307 INFO  PaymentCheckOut :60 - Select the expiry year from list [[ChromeDriver: chrome on WINDOWS (d8b9c312f1aaa9dcbcb859dd87823954)] -> id: ExpireYear]
2022-12-20 21:12:411 INFO  PaymentCheckOut :65 - Enter card code [[ChromeDriver: chrome on WINDOWS (d8b9c312f1aaa9dcbcb859dd87823954)] -> id: CardCode]
2022-12-20 21:12:482 INFO  PaymentCheckOut :70 - Click on continue button [[ChromeDriver: chrome on WINDOWS (d8b9c312f1aaa9dcbcb859dd87823954)] -> xpath: //button[@class='button-1 payment-info-next-step-button']]
2022-12-20 21:12:857 INFO  ConfirmOrderPage :37 - Verify creditcard payment method[[ChromeDriver: chrome on WINDOWS (d8b9c312f1aaa9dcbcb859dd87823954)] -> xpath: //span[contains(text(),'Credit Card')]]
2022-12-20 21:12:894 INFO  ConfirmOrderPage :42 - Verify shipping method[[ChromeDriver: chrome on WINDOWS (d8b9c312f1aaa9dcbcb859dd87823954)] -> xpath: //div[1]/div[2]/div[2]/ul[1]/li[1]/span[2]]
2022-12-20 21:12:927 INFO  ConfirmOrderPage :47 - verify total price[[ChromeDriver: chrome on WINDOWS (d8b9c312f1aaa9dcbcb859dd87823954)] -> xpath: //tbody/tr[4]/td[2]/span[1]/strong[1]]
2022-12-20 21:12:963 INFO  ConfirmOrderPage :52 - click on confirm[[ChromeDriver: chrome on WINDOWS (d8b9c312f1aaa9dcbcb859dd87823954)] -> xpath: //button[contains(text(),'Confirm')]]
2022-12-20 21:12:622 INFO  CompletedCheckoutPage :27 - Verify Thank you Text [[ChromeDriver: chrome on WINDOWS (d8b9c312f1aaa9dcbcb859dd87823954)] -> xpath: //h1[contains(text(),'Thank you')]]
2022-12-20 21:12:658 INFO  CompletedCheckoutPage :32 - Verify sucessorder text[[ChromeDriver: chrome on WINDOWS (d8b9c312f1aaa9dcbcb859dd87823954)] -> xpath: //strong[contains(text(),'Your order has been successfully processed!')]]
2022-12-20 21:12:689 INFO  CompletedCheckoutPage :37 - Click on continue [[ChromeDriver: chrome on WINDOWS (d8b9c312f1aaa9dcbcb859dd87823954)] -> xpath: //button[contains(text(),'Continue')]]
2022-12-20 21:12:87 INFO  HomePage :67 - Verify welcome Text[[ChromeDriver: chrome on WINDOWS (d8b9c312f1aaa9dcbcb859dd87823954)] -> xpath: //h2[contains(text(),'Welcome to our store')]]
2022-12-20 21:12:324 INFO  HomePage :55 - Mouse hover on electronics[[ChromeDriver: chrome on WINDOWS (e133c7ea63923777254af04ade683376)] -> xpath: //div/ul[@class='top-menu notmobile']/li[2]/a[@href='/electronics']]
2022-12-20 21:12:469 INFO  HomePage :61 - click on cellphone[[ChromeDriver: chrome on WINDOWS (e133c7ea63923777254af04ade683376)] -> xpath: //body[1]/div[6]/div[2]/ul[1]/li[2]/ul[1]/li[2]/a[1]]
2022-12-20 21:12:267 INFO  CellPhonesPage :27 - Verify cellphone text[[ChromeDriver: chrome on WINDOWS (e133c7ea63923777254af04ade683376)] -> xpath: //div[@class='page-title']/h1[text() = 'Cell phones']]
2022-12-20 21:12:351 INFO  HomePage :55 - Mouse hover on electronics[[ChromeDriver: chrome on WINDOWS (c03a38c06da3689adfc5d6bca73f7675)] -> xpath: //div/ul[@class='top-menu notmobile']/li[2]/a[@href='/electronics']]
2022-12-20 21:12:507 INFO  HomePage :61 - click on cellphone[[ChromeDriver: chrome on WINDOWS (c03a38c06da3689adfc5d6bca73f7675)] -> xpath: //body[1]/div[6]/div[2]/ul[1]/li[2]/ul[1]/li[2]/a[1]]
2022-12-20 21:12:84 INFO  CellPhonesPage :27 - Verify cellphone text[[ChromeDriver: chrome on WINDOWS (c03a38c06da3689adfc5d6bca73f7675)] -> xpath: //div[@class='page-title']/h1[text() = 'Cell phones']]
2022-12-20 21:12:122 INFO  CellPhonesPage :32 - click on list[[ChromeDriver: chrome on WINDOWS (c03a38c06da3689adfc5d6bca73f7675)] -> xpath: //div/a[text()='List']]
2022-12-20 21:12:182 INFO  CellPhonesPage :37 - click on nokia[[ChromeDriver: chrome on WINDOWS (c03a38c06da3689adfc5d6bca73f7675)] -> xpath: //h2/a[text()='Nokia Lumia 1020']]
2022-12-20 21:12:470 INFO  NokiaLumiaPage :49 - Verify Nokia Lumia Text: [[ChromeDriver: chrome on WINDOWS (c03a38c06da3689adfc5d6bca73f7675)] -> xpath: //h1[contains(text(),'Nokia Lumia 1020')]]
2022-12-20 21:12:499 INFO  NokiaLumiaPage :54 - Verify the price [[ChromeDriver: chrome on WINDOWS (c03a38c06da3689adfc5d6bca73f7675)] -> xpath: //span[@id='price-value-20']]
2022-12-20 21:12:528 INFO  NokiaLumiaPage :59 - Update the product quantity [[ChromeDriver: chrome on WINDOWS (c03a38c06da3689adfc5d6bca73f7675)] -> css selector: #product_enteredQuantity_20]
2022-12-20 21:12:632 INFO  NokiaLumiaPage :65 - Click on Nokia to cart [[ChromeDriver: chrome on WINDOWS (c03a38c06da3689adfc5d6bca73f7675)] -> css selector: #add-to-cart-button-20]
2022-12-20 21:12:955 INFO  NokiaLumiaPage :70 - Verify the text product to the cart [[ChromeDriver: chrome on WINDOWS (c03a38c06da3689adfc5d6bca73f7675)] -> xpath: //body/div[@id='bar-notification']/div[1]/p[1]]
2022-12-20 21:12:990 INFO  NokiaLumiaPage :75 - Click on cross button to cancel [[ChromeDriver: chrome on WINDOWS (c03a38c06da3689adfc5d6bca73f7675)] -> xpath: //body/div[@id='bar-notification']/div[1]/span[1]]
2022-12-20 21:12:44 INFO  NokiaLumiaPage :80 - Mouse Hover to shopping cart [[ChromeDriver: chrome on WINDOWS (c03a38c06da3689adfc5d6bca73f7675)] -> xpath: //span[contains(text(),'Shopping cart')]]
2022-12-20 21:12:183 INFO  NokiaLumiaPage :82 - Click on cart button [[ChromeDriver: chrome on WINDOWS (c03a38c06da3689adfc5d6bca73f7675)] -> xpath: //button[contains(text(),'Go to cart')]]
2022-12-20 21:12:554 INFO  NokiaLumiaPage :80 - Mouse Hover to shopping cart [[ChromeDriver: chrome on WINDOWS (c03a38c06da3689adfc5d6bca73f7675)] -> xpath: //span[contains(text(),'Shopping cart')]]
2022-12-20 21:12:701 INFO  NokiaLumiaPage :82 - Click on cart button [[ChromeDriver: chrome on WINDOWS (c03a38c06da3689adfc5d6bca73f7675)] -> xpath: //button[contains(text(),'Go to cart')]]
2022-12-20 21:12:63 INFO  ShoppingCartPage :47 - Verify shopping cart text: [[ChromeDriver: chrome on WINDOWS (c03a38c06da3689adfc5d6bca73f7675)] -> xpath: //div[@class='page-title']/h1[contains(text(),'Shopping cart')]]
2022-12-20 21:12:95 INFO  ShoppingCartPage :80 - Verify the product quantity[[ChromeDriver: chrome on WINDOWS (c03a38c06da3689adfc5d6bca73f7675)] -> xpath: //td[@class='quantity']/child::input]
2022-12-20 21:12:130 INFO  ShoppingCartPage :89 - Verify the total price: [[ChromeDriver: chrome on WINDOWS (c03a38c06da3689adfc5d6bca73f7675)] -> xpath: //tbody/tr[1]/td[6]/span[1]]
2022-12-20 21:12:159 INFO  ShoppingCartPage :70 - Click on the checkbox to accept terms:[[ChromeDriver: chrome on WINDOWS (c03a38c06da3689adfc5d6bca73f7675)] -> id: termsofservice]
2022-12-20 21:12:229 INFO  ShoppingCartPage :75 - Click on checkout button [[ChromeDriver: chrome on WINDOWS (c03a38c06da3689adfc5d6bca73f7675)] -> xpath: //button[@id='checkout']]
2022-12-20 21:12:798 INFO  CheckOutAsGuest :28 - Verify welcome text[[ChromeDriver: chrome on WINDOWS (c03a38c06da3689adfc5d6bca73f7675)] -> xpath: //h1[text()='Welcome, Please Sign In!']]
2022-12-20 21:12:840 INFO  CheckOutAsGuest :38 - click on register tab[[ChromeDriver: chrome on WINDOWS (c03a38c06da3689adfc5d6bca73f7675)] -> xpath: //button[contains(text(),'Register')]]
2022-12-20 21:12:270 INFO  RegisterPage :56 - Verify register text: [[ChromeDriver: chrome on WINDOWS (c03a38c06da3689adfc5d6bca73f7675)] -> xpath: //h1[contains(text(),'Register')]]
2022-12-20 21:12:300 INFO  RegisterPage :61 - Enter the first name to field [[ChromeDriver: chrome on WINDOWS (c03a38c06da3689adfc5d6bca73f7675)] -> id: FirstName]
2022-12-20 21:12:393 INFO  RegisterPage :66 - Enter the last name to field [[ChromeDriver: chrome on WINDOWS (c03a38c06da3689adfc5d6bca73f7675)] -> id: LastName]
2022-12-20 21:12:504 INFO  RegisterPage :71 - Enter the email to email field [[ChromeDriver: chrome on WINDOWS (c03a38c06da3689adfc5d6bca73f7675)] -> id: Email]
2022-12-20 21:12:605 INFO  RegisterPage :76 - Enter the password to password field [[ChromeDriver: chrome on WINDOWS (c03a38c06da3689adfc5d6bca73f7675)] -> id: Password]
2022-12-20 21:12:689 INFO  RegisterPage :81 - Enter the confirm password [[ChromeDriver: chrome on WINDOWS (c03a38c06da3689adfc5d6bca73f7675)] -> id: ConfirmPassword]
2022-12-20 21:12:775 INFO  RegisterPage :86 - Click in register button [[ChromeDriver: chrome on WINDOWS (c03a38c06da3689adfc5d6bca73f7675)] -> id: register-button]
2022-12-20 21:12:223 INFO  RegisterPage :91 - Verify the registration Proxy element for: DefaultElementLocator 'By.xpath: //div[contains(text(),'Your registration completed')]'
